<?xml version="1.0" encoding="UTF-8"?>
<testsuite name="com.hwang.book.springboot.web.PostsApiControllerTest" tests="2" skipped="0" failures="0" errors="0" timestamp="2020-03-17T08:14:42" hostname="hwangseon-as-MacBook-Pro.local" time="0.433">
  <properties/>
  <testcase name="Posts_등록된다" classname="com.hwang.book.springboot.web.PostsApiControllerTest" time="0.36"/>
  <testcase name="Posts_수정된다" classname="com.hwang.book.springboot.web.PostsApiControllerTest" time="0.072"/>
  <system-out><![CDATA[2020-03-17 17:14:42.816  INFO 30030 --- [    Test worker] .b.t.c.SpringBootTestContextBootstrapper : Neither @ContextConfiguration nor @ContextHierarchy found for test class [com.hwang.book.springboot.web.PostsApiControllerTest], using SpringBootContextLoader
2020-03-17 17:14:42.817  INFO 30030 --- [    Test worker] o.s.t.c.support.AbstractContextLoader    : Could not detect default resource locations for test class [com.hwang.book.springboot.web.PostsApiControllerTest]: no resource found for suffixes {-context.xml, Context.groovy}.
2020-03-17 17:14:42.818  INFO 30030 --- [    Test worker] t.c.s.AnnotationConfigContextLoaderUtils : Could not detect default configuration classes for test class [com.hwang.book.springboot.web.PostsApiControllerTest]: PostsApiControllerTest does not declare any static, non-private, non-final, nested classes annotated with @Configuration.
2020-03-17 17:14:42.820  INFO 30030 --- [    Test worker] .b.t.c.SpringBootTestContextBootstrapper : Found @SpringBootConfiguration com.hwang.book.springboot.Application for test class com.hwang.book.springboot.web.PostsApiControllerTest
2020-03-17 17:14:42.822  INFO 30030 --- [    Test worker] .b.t.c.SpringBootTestContextBootstrapper : Loaded default TestExecutionListener class names from location [META-INF/spring.factories]: [org.springframework.security.test.context.support.WithSecurityContextTestExecutionListener, org.springframework.security.test.context.support.ReactorContextTestExecutionListener, org.springframework.boot.test.autoconfigure.restdocs.RestDocsTestExecutionListener, org.springframework.boot.test.autoconfigure.web.client.MockRestServiceServerResetTestExecutionListener, org.springframework.boot.test.autoconfigure.web.servlet.MockMvcPrintOnlyOnFailureTestExecutionListener, org.springframework.boot.test.autoconfigure.web.servlet.WebDriverTestExecutionListener, org.springframework.boot.test.mock.mockito.MockitoTestExecutionListener, org.springframework.boot.test.mock.mockito.ResetMocksTestExecutionListener, org.springframework.test.context.web.ServletTestExecutionListener, org.springframework.test.context.support.DirtiesContextBeforeModesTestExecutionListener, org.springframework.test.context.support.DependencyInjectionTestExecutionListener, org.springframework.test.context.support.DirtiesContextTestExecutionListener, org.springframework.test.context.transaction.TransactionalTestExecutionListener, org.springframework.test.context.jdbc.SqlScriptsTestExecutionListener]
2020-03-17 17:14:42.824  INFO 30030 --- [    Test worker] .b.t.c.SpringBootTestContextBootstrapper : Using TestExecutionListeners: [org.springframework.test.context.web.ServletTestExecutionListener@60601be5, org.springframework.test.context.support.DirtiesContextBeforeModesTestExecutionListener@7361c3a1, org.springframework.boot.test.mock.mockito.MockitoTestExecutionListener@1cd3790, org.springframework.boot.test.autoconfigure.SpringBootDependencyInjectionTestExecutionListener@2d0bf8d9, org.springframework.test.context.support.DirtiesContextTestExecutionListener@4dd471ae, org.springframework.test.context.transaction.TransactionalTestExecutionListener@3055cf7e, org.springframework.test.context.jdbc.SqlScriptsTestExecutionListener@58cc1f53, org.springframework.security.test.context.support.WithSecurityContextTestExecutionListener@2a73e9a3, org.springframework.security.test.context.support.ReactorContextTestExecutionListener@44c4b442, org.springframework.boot.test.autoconfigure.restdocs.RestDocsTestExecutionListener@5af4bd9b, org.springframework.boot.test.autoconfigure.web.client.MockRestServiceServerResetTestExecutionListener@62fa1711, org.springframework.boot.test.autoconfigure.web.servlet.MockMvcPrintOnlyOnFailureTestExecutionListener@5771c41c, org.springframework.boot.test.autoconfigure.web.servlet.WebDriverTestExecutionListener@36f60c14, org.springframework.boot.test.mock.mockito.ResetMocksTestExecutionListener@49916734]
2020-03-17 17:14:42.836  INFO 30030 --- [    Test worker] o.a.c.c.C.[Tomcat].[localhost].[/]       : Initializing Spring TestDispatcherServlet ''
2020-03-17 17:14:42.836  INFO 30030 --- [    Test worker] o.s.t.web.servlet.TestDispatcherServlet  : Initializing Servlet ''
2020-03-17 17:14:42.840  INFO 30030 --- [    Test worker] o.s.t.web.servlet.TestDispatcherServlet  : Completed initialization in 3 ms
Hibernate: insert into posts (created_date, modified_date, author, content, movie_title, title) values (?, ?, ?, ?, ?, ?)
Hibernate: select posts0_.id as id1_0_, posts0_.created_date as created_2_0_, posts0_.modified_date as modified3_0_, posts0_.author as author4_0_, posts0_.content as content5_0_, posts0_.movie_title as movie_ti6_0_, posts0_.title as title7_0_ from posts posts0_
Hibernate: select posts0_.id as id1_0_, posts0_.created_date as created_2_0_, posts0_.modified_date as modified3_0_, posts0_.author as author4_0_, posts0_.content as content5_0_, posts0_.movie_title as movie_ti6_0_, posts0_.title as title7_0_ from posts posts0_
Hibernate: delete from posts where id=?
2020-03-17 17:14:43.192  INFO 30030 --- [    Test worker] o.a.c.c.C.[Tomcat].[localhost].[/]       : Initializing Spring TestDispatcherServlet ''
2020-03-17 17:14:43.193  INFO 30030 --- [    Test worker] o.s.t.web.servlet.TestDispatcherServlet  : Initializing Servlet ''
2020-03-17 17:14:43.202  INFO 30030 --- [    Test worker] o.s.t.web.servlet.TestDispatcherServlet  : Completed initialization in 8 ms
Hibernate: insert into posts (created_date, modified_date, author, content, movie_title, title) values (?, ?, ?, ?, ?, ?)
Hibernate: select posts0_.id as id1_0_0_, posts0_.created_date as created_2_0_0_, posts0_.modified_date as modified3_0_0_, posts0_.author as author4_0_0_, posts0_.content as content5_0_0_, posts0_.movie_title as movie_ti6_0_0_, posts0_.title as title7_0_0_ from posts posts0_ where posts0_.id=?
Hibernate: update posts set created_date=?, modified_date=?, author=?, content=?, movie_title=?, title=? where id=?
Hibernate: select posts0_.id as id1_0_, posts0_.created_date as created_2_0_, posts0_.modified_date as modified3_0_, posts0_.author as author4_0_, posts0_.content as content5_0_, posts0_.movie_title as movie_ti6_0_, posts0_.title as title7_0_ from posts posts0_
Hibernate: select posts0_.id as id1_0_, posts0_.created_date as created_2_0_, posts0_.modified_date as modified3_0_, posts0_.author as author4_0_, posts0_.content as content5_0_, posts0_.movie_title as movie_ti6_0_, posts0_.title as title7_0_ from posts posts0_
Hibernate: delete from posts where id=?
]]></system-out>
  <system-err><![CDATA[]]></system-err>
</testsuite>
