<?xml version="1.0" encoding="UTF-8"?>
<testsuite name="com.hwang.book.springboot.web.PostsApiControllerTest" tests="2" skipped="0" failures="0" errors="0" timestamp="2020-03-17T06:13:53" hostname="hwangseon-as-MacBook-Pro.local" time="0.5">
  <properties/>
  <testcase name="Posts_등록된다" classname="com.hwang.book.springboot.web.PostsApiControllerTest" time="0.412"/>
  <testcase name="Posts_수정된다" classname="com.hwang.book.springboot.web.PostsApiControllerTest" time="0.087"/>
  <system-out><![CDATA[2020-03-17 15:13:53.975  INFO 22406 --- [    Test worker] .b.t.c.SpringBootTestContextBootstrapper : Neither @ContextConfiguration nor @ContextHierarchy found for test class [com.hwang.book.springboot.web.PostsApiControllerTest], using SpringBootContextLoader
2020-03-17 15:13:53.977  INFO 22406 --- [    Test worker] o.s.t.c.support.AbstractContextLoader    : Could not detect default resource locations for test class [com.hwang.book.springboot.web.PostsApiControllerTest]: no resource found for suffixes {-context.xml, Context.groovy}.
2020-03-17 15:13:53.977  INFO 22406 --- [    Test worker] t.c.s.AnnotationConfigContextLoaderUtils : Could not detect default configuration classes for test class [com.hwang.book.springboot.web.PostsApiControllerTest]: PostsApiControllerTest does not declare any static, non-private, non-final, nested classes annotated with @Configuration.
2020-03-17 15:13:53.979  INFO 22406 --- [    Test worker] .b.t.c.SpringBootTestContextBootstrapper : Found @SpringBootConfiguration com.hwang.book.springboot.Application for test class com.hwang.book.springboot.web.PostsApiControllerTest
2020-03-17 15:13:53.981  INFO 22406 --- [    Test worker] .b.t.c.SpringBootTestContextBootstrapper : Loaded default TestExecutionListener class names from location [META-INF/spring.factories]: [org.springframework.security.test.context.support.WithSecurityContextTestExecutionListener, org.springframework.security.test.context.support.ReactorContextTestExecutionListener, org.springframework.boot.test.autoconfigure.restdocs.RestDocsTestExecutionListener, org.springframework.boot.test.autoconfigure.web.client.MockRestServiceServerResetTestExecutionListener, org.springframework.boot.test.autoconfigure.web.servlet.MockMvcPrintOnlyOnFailureTestExecutionListener, org.springframework.boot.test.autoconfigure.web.servlet.WebDriverTestExecutionListener, org.springframework.boot.test.mock.mockito.MockitoTestExecutionListener, org.springframework.boot.test.mock.mockito.ResetMocksTestExecutionListener, org.springframework.test.context.web.ServletTestExecutionListener, org.springframework.test.context.support.DirtiesContextBeforeModesTestExecutionListener, org.springframework.test.context.support.DependencyInjectionTestExecutionListener, org.springframework.test.context.support.DirtiesContextTestExecutionListener, org.springframework.test.context.transaction.TransactionalTestExecutionListener, org.springframework.test.context.jdbc.SqlScriptsTestExecutionListener]
2020-03-17 15:13:53.982  INFO 22406 --- [    Test worker] .b.t.c.SpringBootTestContextBootstrapper : Using TestExecutionListeners: [org.springframework.test.context.web.ServletTestExecutionListener@4eeca035, org.springframework.test.context.support.DirtiesContextBeforeModesTestExecutionListener@4d174dd4, org.springframework.boot.test.mock.mockito.MockitoTestExecutionListener@22964cfd, org.springframework.boot.test.autoconfigure.SpringBootDependencyInjectionTestExecutionListener@8f5c937, org.springframework.test.context.support.DirtiesContextTestExecutionListener@23b33d14, org.springframework.test.context.transaction.TransactionalTestExecutionListener@543dad5b, org.springframework.test.context.jdbc.SqlScriptsTestExecutionListener@445ce285, org.springframework.security.test.context.support.WithSecurityContextTestExecutionListener@62c62748, org.springframework.security.test.context.support.ReactorContextTestExecutionListener@5827ed99, org.springframework.boot.test.autoconfigure.restdocs.RestDocsTestExecutionListener@6149d4b3, org.springframework.boot.test.autoconfigure.web.client.MockRestServiceServerResetTestExecutionListener@42a24ad5, org.springframework.boot.test.autoconfigure.web.servlet.MockMvcPrintOnlyOnFailureTestExecutionListener@110dd9ae, org.springframework.boot.test.autoconfigure.web.servlet.WebDriverTestExecutionListener@76a1b533, org.springframework.boot.test.mock.mockito.ResetMocksTestExecutionListener@59e20b18]
2020-03-17 15:13:54.008  INFO 22406 --- [    Test worker] o.a.c.c.C.[Tomcat].[localhost].[/]       : Initializing Spring TestDispatcherServlet ''
2020-03-17 15:13:54.009  INFO 22406 --- [    Test worker] o.s.t.web.servlet.TestDispatcherServlet  : Initializing Servlet ''
2020-03-17 15:13:54.014  INFO 22406 --- [    Test worker] o.s.t.web.servlet.TestDispatcherServlet  : Completed initialization in 4 ms
Hibernate: insert into posts (created_date, modified_date, author, content, movie_title, title) values (?, ?, ?, ?, ?, ?)
Hibernate: select posts0_.id as id1_0_, posts0_.created_date as created_2_0_, posts0_.modified_date as modified3_0_, posts0_.author as author4_0_, posts0_.content as content5_0_, posts0_.movie_title as movie_ti6_0_, posts0_.title as title7_0_ from posts posts0_
Hibernate: select posts0_.id as id1_0_, posts0_.created_date as created_2_0_, posts0_.modified_date as modified3_0_, posts0_.author as author4_0_, posts0_.content as content5_0_, posts0_.movie_title as movie_ti6_0_, posts0_.title as title7_0_ from posts posts0_
Hibernate: delete from posts where id=?
2020-03-17 15:13:54.406  INFO 22406 --- [    Test worker] o.a.c.c.C.[Tomcat].[localhost].[/]       : Initializing Spring TestDispatcherServlet ''
2020-03-17 15:13:54.407  INFO 22406 --- [    Test worker] o.s.t.web.servlet.TestDispatcherServlet  : Initializing Servlet ''
2020-03-17 15:13:54.412  INFO 22406 --- [    Test worker] o.s.t.web.servlet.TestDispatcherServlet  : Completed initialization in 4 ms
Hibernate: insert into posts (created_date, modified_date, author, content, movie_title, title) values (?, ?, ?, ?, ?, ?)
Hibernate: select posts0_.id as id1_0_0_, posts0_.created_date as created_2_0_0_, posts0_.modified_date as modified3_0_0_, posts0_.author as author4_0_0_, posts0_.content as content5_0_0_, posts0_.movie_title as movie_ti6_0_0_, posts0_.title as title7_0_0_ from posts posts0_ where posts0_.id=?
Hibernate: update posts set created_date=?, modified_date=?, author=?, content=?, movie_title=?, title=? where id=?
Hibernate: select posts0_.id as id1_0_, posts0_.created_date as created_2_0_, posts0_.modified_date as modified3_0_, posts0_.author as author4_0_, posts0_.content as content5_0_, posts0_.movie_title as movie_ti6_0_, posts0_.title as title7_0_ from posts posts0_
Hibernate: select posts0_.id as id1_0_, posts0_.created_date as created_2_0_, posts0_.modified_date as modified3_0_, posts0_.author as author4_0_, posts0_.content as content5_0_, posts0_.movie_title as movie_ti6_0_, posts0_.title as title7_0_ from posts posts0_
Hibernate: delete from posts where id=?
]]></system-out>
  <system-err><![CDATA[]]></system-err>
</testsuite>
