<?xml version="1.0" encoding="UTF-8"?>
<testsuite name="com.hwang.book.springboot.web.HelloControllerTest" tests="2" skipped="0" failures="0" errors="0" timestamp="2020-03-17T06:13:44" hostname="hwangseon-as-MacBook-Pro.local" time="0.537">
  <properties/>
  <testcase name="hello가_리턴된다" classname="com.hwang.book.springboot.web.HelloControllerTest" time="0.411"/>
  <testcase name="helloDto가_리턴된다" classname="com.hwang.book.springboot.web.HelloControllerTest" time="0.124"/>
  <system-out><![CDATA[15:13:38.821 [Test worker] DEBUG org.springframework.test.context.junit4.SpringJUnit4ClassRunner - SpringJUnit4ClassRunner constructor called with [class com.hwang.book.springboot.web.HelloControllerTest]
15:13:38.827 [Test worker] DEBUG org.springframework.test.context.BootstrapUtils - Instantiating CacheAwareContextLoaderDelegate from class [org.springframework.test.context.cache.DefaultCacheAwareContextLoaderDelegate]
15:13:38.835 [Test worker] DEBUG org.springframework.test.context.BootstrapUtils - Instantiating BootstrapContext using constructor [public org.springframework.test.context.support.DefaultBootstrapContext(java.lang.Class,org.springframework.test.context.CacheAwareContextLoaderDelegate)]
15:13:38.861 [Test worker] DEBUG org.springframework.test.context.BootstrapUtils - Instantiating TestContextBootstrapper for test class [com.hwang.book.springboot.web.HelloControllerTest] from class [org.springframework.boot.test.autoconfigure.web.servlet.WebMvcTestContextBootstrapper]
15:13:38.887 [Test worker] INFO org.springframework.boot.test.autoconfigure.web.servlet.WebMvcTestContextBootstrapper - Neither @ContextConfiguration nor @ContextHierarchy found for test class [com.hwang.book.springboot.web.HelloControllerTest], using SpringBootContextLoader
15:13:38.890 [Test worker] DEBUG org.springframework.test.context.support.AbstractContextLoader - Did not detect default resource location for test class [com.hwang.book.springboot.web.HelloControllerTest]: class path resource [com/hwang/book/springboot/web/HelloControllerTest-context.xml] does not exist
15:13:38.891 [Test worker] DEBUG org.springframework.test.context.support.AbstractContextLoader - Did not detect default resource location for test class [com.hwang.book.springboot.web.HelloControllerTest]: class path resource [com/hwang/book/springboot/web/HelloControllerTestContext.groovy] does not exist
15:13:38.891 [Test worker] INFO org.springframework.test.context.support.AbstractContextLoader - Could not detect default resource locations for test class [com.hwang.book.springboot.web.HelloControllerTest]: no resource found for suffixes {-context.xml, Context.groovy}.
15:13:38.893 [Test worker] INFO org.springframework.test.context.support.AnnotationConfigContextLoaderUtils - Could not detect default configuration classes for test class [com.hwang.book.springboot.web.HelloControllerTest]: HelloControllerTest does not declare any static, non-private, non-final, nested classes annotated with @Configuration.
15:13:39.028 [Test worker] DEBUG org.springframework.test.context.support.ActiveProfilesUtils - Could not find an 'annotation declaring class' for annotation type [org.springframework.test.context.ActiveProfiles] and class [com.hwang.book.springboot.web.HelloControllerTest]
15:13:39.167 [Test worker] DEBUG org.springframework.context.annotation.ClassPathScanningCandidateComponentProvider - Identified candidate component class: file [/Users/hwangseon-a/springboot-webservice/build/classes/java/main/com/hwang/book/springboot/Application.class]
15:13:39.169 [Test worker] INFO org.springframework.boot.test.context.SpringBootTestContextBootstrapper - Found @SpringBootConfiguration com.hwang.book.springboot.Application for test class com.hwang.book.springboot.web.HelloControllerTest
15:13:39.172 [Test worker] DEBUG org.springframework.boot.test.autoconfigure.web.servlet.WebMvcTestContextBootstrapper - @TestExecutionListeners is not present for class [com.hwang.book.springboot.web.HelloControllerTest]: using defaults.
15:13:39.174 [Test worker] INFO org.springframework.boot.test.autoconfigure.web.servlet.WebMvcTestContextBootstrapper - Loaded default TestExecutionListener class names from location [META-INF/spring.factories]: [org.springframework.security.test.context.support.WithSecurityContextTestExecutionListener, org.springframework.security.test.context.support.ReactorContextTestExecutionListener, org.springframework.boot.test.autoconfigure.restdocs.RestDocsTestExecutionListener, org.springframework.boot.test.autoconfigure.web.client.MockRestServiceServerResetTestExecutionListener, org.springframework.boot.test.autoconfigure.web.servlet.MockMvcPrintOnlyOnFailureTestExecutionListener, org.springframework.boot.test.autoconfigure.web.servlet.WebDriverTestExecutionListener, org.springframework.boot.test.mock.mockito.MockitoTestExecutionListener, org.springframework.boot.test.mock.mockito.ResetMocksTestExecutionListener, org.springframework.test.context.web.ServletTestExecutionListener, org.springframework.test.context.support.DirtiesContextBeforeModesTestExecutionListener, org.springframework.test.context.support.DependencyInjectionTestExecutionListener, org.springframework.test.context.support.DirtiesContextTestExecutionListener, org.springframework.test.context.transaction.TransactionalTestExecutionListener, org.springframework.test.context.jdbc.SqlScriptsTestExecutionListener]
15:13:39.227 [Test worker] INFO org.springframework.boot.test.autoconfigure.web.servlet.WebMvcTestContextBootstrapper - Using TestExecutionListeners: [org.springframework.test.context.web.ServletTestExecutionListener@4db53c53, org.springframework.test.context.support.DirtiesContextBeforeModesTestExecutionListener@72af6d11, org.springframework.boot.test.mock.mockito.MockitoTestExecutionListener@1e5128fe, org.springframework.boot.test.autoconfigure.SpringBootDependencyInjectionTestExecutionListener@5850d467, org.springframework.test.context.support.DirtiesContextTestExecutionListener@3ce32c9a, org.springframework.test.context.transaction.TransactionalTestExecutionListener@35ad19f2, org.springframework.test.context.jdbc.SqlScriptsTestExecutionListener@22acd161, org.springframework.security.test.context.support.WithSecurityContextTestExecutionListener@7c81cabf, org.springframework.security.test.context.support.ReactorContextTestExecutionListener@59a3ae49, org.springframework.boot.test.autoconfigure.restdocs.RestDocsTestExecutionListener@49c4e06, org.springframework.boot.test.autoconfigure.web.client.MockRestServiceServerResetTestExecutionListener@40ffb02d, org.springframework.boot.test.autoconfigure.web.servlet.MockMvcPrintOnlyOnFailureTestExecutionListener@32d95ebf, org.springframework.boot.test.autoconfigure.web.servlet.WebDriverTestExecutionListener@764c7f4b, org.springframework.boot.test.mock.mockito.ResetMocksTestExecutionListener@1046f3fa]
15:13:39.230 [Test worker] DEBUG org.springframework.test.annotation.ProfileValueUtils - Retrieved @ProfileValueSourceConfiguration [null] for test class [com.hwang.book.springboot.web.HelloControllerTest]
15:13:39.232 [Test worker] DEBUG org.springframework.test.annotation.ProfileValueUtils - Retrieved ProfileValueSource type [class org.springframework.test.annotation.SystemProfileValueSource] for class [com.hwang.book.springboot.web.HelloControllerTest]
15:13:39.233 [Test worker] DEBUG org.springframework.test.annotation.ProfileValueUtils - Retrieved @ProfileValueSourceConfiguration [null] for test class [com.hwang.book.springboot.web.HelloControllerTest]
15:13:39.233 [Test worker] DEBUG org.springframework.test.annotation.ProfileValueUtils - Retrieved ProfileValueSource type [class org.springframework.test.annotation.SystemProfileValueSource] for class [com.hwang.book.springboot.web.HelloControllerTest]
15:13:39.238 [Test worker] DEBUG org.springframework.test.context.support.AbstractDirtiesContextTestExecutionListener - Before test class: context [DefaultTestContext@13084797 testClass = HelloControllerTest, testInstance = [null], testMethod = [null], testException = [null], mergedContextConfiguration = [WebMergedContextConfiguration@756c23e3 testClass = HelloControllerTest, locations = '{}', classes = '{class com.hwang.book.springboot.Application}', contextInitializerClasses = '[]', activeProfiles = '{}', propertySourceLocations = '{}', propertySourceProperties = '{org.springframework.boot.test.autoconfigure.web.servlet.WebMvcTestContextBootstrapper=true}', contextCustomizers = set[org.springframework.boot.test.autoconfigure.OverrideAutoConfigurationContextCustomizerFactory$DisableAutoConfigurationContextCustomizer@4dbf86c9, org.springframework.boot.test.autoconfigure.filter.TypeExcludeFiltersContextCustomizer@87b38f5d, org.springframework.boot.test.autoconfigure.properties.PropertyMappingContextCustomizer@c12dd25f, org.springframework.boot.test.autoconfigure.web.servlet.WebDriverContextCustomizerFactory$Customizer@4dc564ed, [ImportsContextCustomizer@18efd6be key = [org.springframework.boot.autoconfigure.cache.CacheAutoConfiguration, org.springframework.boot.autoconfigure.context.MessageSourceAutoConfiguration, org.springframework.boot.autoconfigure.data.web.SpringDataWebAutoConfiguration, org.springframework.boot.autoconfigure.freemarker.FreeMarkerAutoConfiguration, org.springframework.boot.autoconfigure.groovy.template.GroovyTemplateAutoConfiguration, org.springframework.boot.autoconfigure.gson.GsonAutoConfiguration, org.springframework.boot.autoconfigure.hateoas.HypermediaAutoConfiguration, org.springframework.boot.autoconfigure.http.HttpMessageConvertersAutoConfiguration, org.springframework.boot.autoconfigure.jackson.JacksonAutoConfiguration, org.springframework.boot.autoconfigure.jsonb.JsonbAutoConfiguration, org.springframework.boot.autoconfigure.mustache.MustacheAutoConfiguration, org.springframework.boot.autoconfigure.task.TaskExecutionAutoConfiguration, org.springframework.boot.autoconfigure.thymeleaf.ThymeleafAutoConfiguration, org.springframework.boot.autoconfigure.validation.ValidationAutoConfiguration, org.springframework.boot.autoconfigure.web.servlet.error.ErrorMvcAutoConfiguration, org.springframework.boot.autoconfigure.web.servlet.WebMvcAutoConfiguration, org.springframework.boot.test.autoconfigure.web.servlet.MockMvcAutoConfiguration, org.springframework.boot.test.autoconfigure.web.servlet.MockMvcSecurityAutoConfiguration, org.springframework.boot.test.autoconfigure.web.servlet.MockMvcWebClientAutoConfiguration, org.springframework.boot.test.autoconfigure.web.servlet.MockMvcWebDriverAutoConfiguration]], org.springframework.boot.test.context.filter.ExcludeFilterContextCustomizer@7701588d, org.springframework.boot.test.json.DuplicateJsonObjectContextCustomizerFactory$DuplicateJsonObjectContextCustomizer@252b8edc, org.springframework.boot.test.mock.mockito.MockitoContextCustomizer@0], resourceBasePath = 'src/main/webapp', contextLoader = 'org.springframework.boot.test.context.SpringBootContextLoader', parent = [null]], attributes = map[[empty]]], class annotated with @DirtiesContext [false] with mode [null].
15:13:39.239 [Test worker] DEBUG org.springframework.test.annotation.ProfileValueUtils - Retrieved @ProfileValueSourceConfiguration [null] for test class [com.hwang.book.springboot.web.HelloControllerTest]
15:13:39.240 [Test worker] DEBUG org.springframework.test.annotation.ProfileValueUtils - Retrieved ProfileValueSource type [class org.springframework.test.annotation.SystemProfileValueSource] for class [com.hwang.book.springboot.web.HelloControllerTest]
15:13:39.248 [Test worker] DEBUG org.springframework.test.context.support.DependencyInjectionTestExecutionListener - Performing dependency injection for test context [[DefaultTestContext@13084797 testClass = HelloControllerTest, testInstance = com.hwang.book.springboot.web.HelloControllerTest@51be22a3, testMethod = [null], testException = [null], mergedContextConfiguration = [WebMergedContextConfiguration@756c23e3 testClass = HelloControllerTest, locations = '{}', classes = '{class com.hwang.book.springboot.Application}', contextInitializerClasses = '[]', activeProfiles = '{}', propertySourceLocations = '{}', propertySourceProperties = '{org.springframework.boot.test.autoconfigure.web.servlet.WebMvcTestContextBootstrapper=true}', contextCustomizers = set[org.springframework.boot.test.autoconfigure.OverrideAutoConfigurationContextCustomizerFactory$DisableAutoConfigurationContextCustomizer@4dbf86c9, org.springframework.boot.test.autoconfigure.filter.TypeExcludeFiltersContextCustomizer@87b38f5d, org.springframework.boot.test.autoconfigure.properties.PropertyMappingContextCustomizer@c12dd25f, org.springframework.boot.test.autoconfigure.web.servlet.WebDriverContextCustomizerFactory$Customizer@4dc564ed, [ImportsContextCustomizer@18efd6be key = [org.springframework.boot.autoconfigure.cache.CacheAutoConfiguration, org.springframework.boot.autoconfigure.context.MessageSourceAutoConfiguration, org.springframework.boot.autoconfigure.data.web.SpringDataWebAutoConfiguration, org.springframework.boot.autoconfigure.freemarker.FreeMarkerAutoConfiguration, org.springframework.boot.autoconfigure.groovy.template.GroovyTemplateAutoConfiguration, org.springframework.boot.autoconfigure.gson.GsonAutoConfiguration, org.springframework.boot.autoconfigure.hateoas.HypermediaAutoConfiguration, org.springframework.boot.autoconfigure.http.HttpMessageConvertersAutoConfiguration, org.springframework.boot.autoconfigure.jackson.JacksonAutoConfiguration, org.springframework.boot.autoconfigure.jsonb.JsonbAutoConfiguration, org.springframework.boot.autoconfigure.mustache.MustacheAutoConfiguration, org.springframework.boot.autoconfigure.task.TaskExecutionAutoConfiguration, org.springframework.boot.autoconfigure.thymeleaf.ThymeleafAutoConfiguration, org.springframework.boot.autoconfigure.validation.ValidationAutoConfiguration, org.springframework.boot.autoconfigure.web.servlet.error.ErrorMvcAutoConfiguration, org.springframework.boot.autoconfigure.web.servlet.WebMvcAutoConfiguration, org.springframework.boot.test.autoconfigure.web.servlet.MockMvcAutoConfiguration, org.springframework.boot.test.autoconfigure.web.servlet.MockMvcSecurityAutoConfiguration, org.springframework.boot.test.autoconfigure.web.servlet.MockMvcWebClientAutoConfiguration, org.springframework.boot.test.autoconfigure.web.servlet.MockMvcWebDriverAutoConfiguration]], org.springframework.boot.test.context.filter.ExcludeFilterContextCustomizer@7701588d, org.springframework.boot.test.json.DuplicateJsonObjectContextCustomizerFactory$DuplicateJsonObjectContextCustomizer@252b8edc, org.springframework.boot.test.mock.mockito.MockitoContextCustomizer@0], resourceBasePath = 'src/main/webapp', contextLoader = 'org.springframework.boot.test.context.SpringBootContextLoader', parent = [null]], attributes = map[[empty]]]].
15:13:39.423 [Test worker] DEBUG org.springframework.test.context.support.TestPropertySourceUtils - Adding inlined properties to environment: {spring.jmx.enabled=false, org.springframework.boot.test.autoconfigure.web.servlet.WebMvcTestContextBootstrapper=true, server.port=-1}

  .   ____          _            __ _ _
 /\\ / ___'_ __ _ _(_)_ __  __ _ \ \ \ \
( ( )\___ | '_ | '_| | '_ \/ _` | \ \ \ \
 \\/  ___)| |_)| | | | | || (_| |  ) ) ) )
  '  |____| .__|_| |_|_| |_\__, | / / / /
 =========|_|==============|___/=/_/_/_/
 :: Spring Boot ::        (v2.1.7.RELEASE)

2020-03-17 15:13:40.187  INFO 22406 --- [    Test worker] c.h.b.s.web.HelloControllerTest          : Starting HelloControllerTest on hwangseon-as-MacBook-Pro.local with PID 22406 (started by hwangseon-a in /Users/hwangseon-a/springboot-webservice)
2020-03-17 15:13:40.189  INFO 22406 --- [    Test worker] c.h.b.s.web.HelloControllerTest          : The following profiles are active: develop
2020-03-17 15:13:42.772  INFO 22406 --- [    Test worker] o.s.s.concurrent.ThreadPoolTaskExecutor  : Initializing ExecutorService 'applicationTaskExecutor'
2020-03-17 15:13:42.933  INFO 22406 --- [    Test worker] o.s.b.a.w.s.WelcomePageHandlerMapping    : Adding welcome page template: index
2020-03-17 15:13:43.570  INFO 22406 --- [    Test worker] .s.s.UserDetailsServiceAutoConfiguration : 

Using generated security password: 810eba2a-d106-40cd-b08b-dd15212ed4d7

2020-03-17 15:13:43.917  INFO 22406 --- [    Test worker] o.s.s.web.DefaultSecurityFilterChain     : Creating filter chain: any request, [org.springframework.security.web.context.request.async.WebAsyncManagerIntegrationFilter@6cc9d898, org.springframework.security.web.context.SecurityContextPersistenceFilter@71ebf1fc, org.springframework.security.web.header.HeaderWriterFilter@3362c3ea, org.springframework.security.web.csrf.CsrfFilter@4d2523b, org.springframework.security.web.authentication.logout.LogoutFilter@3c0b6088, org.springframework.security.web.authentication.UsernamePasswordAuthenticationFilter@50248937, org.springframework.security.web.authentication.ui.DefaultLoginPageGeneratingFilter@13a987bc, org.springframework.security.web.authentication.ui.DefaultLogoutPageGeneratingFilter@e8ca249, org.springframework.security.web.authentication.www.BasicAuthenticationFilter@17d4ac6b, org.springframework.security.web.savedrequest.RequestCacheAwareFilter@7d6664c8, org.springframework.security.web.servletapi.SecurityContextHolderAwareRequestFilter@6b028fa6, org.springframework.security.web.authentication.AnonymousAuthenticationFilter@7576c83b, org.springframework.security.web.session.SessionManagementFilter@2fa59b2a, org.springframework.security.web.access.ExceptionTranslationFilter@4587d555, org.springframework.security.web.access.intercept.FilterSecurityInterceptor@677d065d]
2020-03-17 15:13:43.996  INFO 22406 --- [    Test worker] o.s.b.t.m.w.SpringBootMockServletContext : Initializing Spring TestDispatcherServlet ''
2020-03-17 15:13:43.997  INFO 22406 --- [    Test worker] o.s.t.web.servlet.TestDispatcherServlet  : Initializing Servlet ''
2020-03-17 15:13:44.025  INFO 22406 --- [    Test worker] o.s.t.web.servlet.TestDispatcherServlet  : Completed initialization in 27 ms
2020-03-17 15:13:44.093  INFO 22406 --- [    Test worker] c.h.b.s.web.HelloControllerTest          : Started HelloControllerTest in 4.661 seconds (JVM running for 6.316)
]]></system-out>
  <system-err><![CDATA[]]></system-err>
</testsuite>
