<?xml version="1.0" encoding="UTF-8"?>
<testsuite name="com.hwang.book.springboot.web.dto.HelloResponseDtoTest" tests="1" skipped="0" failures="0" errors="0" timestamp="2020-03-17T06:13:38" hostname="hwangseon-as-MacBook-Pro.local" time="0.062">
  <properties/>
  <testcase name="롬복_기능_테스트" classname="com.hwang.book.springboot.web.dto.HelloResponseDtoTest" time="0.062"/>
  <system-out><![CDATA[]]></system-out>
  <system-err><![CDATA[]]></system-err>
</testsuite>
