<?xml version="1.0" encoding="UTF-8"?>
<testsuite name="com.hwang.book.springboot.domain.posts.PostRepositoryTest" tests="2" skipped="0" failures="0" errors="0" timestamp="2020-03-17T12:37:03" hostname="hwangseon-as-MacBook-Pro.local" time="0.06">
  <properties/>
  <testcase name="게시글저장_불러오기" classname="com.hwang.book.springboot.domain.posts.PostRepositoryTest" time="0.034"/>
  <testcase name="BaseTimeEntity_등록" classname="com.hwang.book.springboot.domain.posts.PostRepositoryTest" time="0.025"/>
  <system-out><![CDATA[2020-03-17 21:37:00.678  INFO 41147 --- [    Test worker] .b.t.c.SpringBootTestContextBootstrapper : Neither @ContextConfiguration nor @ContextHierarchy found for test class [com.hwang.book.springboot.domain.posts.PostRepositoryTest], using SpringBootContextLoader
2020-03-17 21:37:00.680  INFO 41147 --- [    Test worker] o.s.t.c.support.AbstractContextLoader    : Could not detect default resource locations for test class [com.hwang.book.springboot.domain.posts.PostRepositoryTest]: no resource found for suffixes {-context.xml, Context.groovy}.
2020-03-17 21:37:00.681  INFO 41147 --- [    Test worker] t.c.s.AnnotationConfigContextLoaderUtils : Could not detect default configuration classes for test class [com.hwang.book.springboot.domain.posts.PostRepositoryTest]: PostRepositoryTest does not declare any static, non-private, non-final, nested classes annotated with @Configuration.
2020-03-17 21:37:00.696  INFO 41147 --- [    Test worker] .b.t.c.SpringBootTestContextBootstrapper : Found @SpringBootConfiguration com.hwang.book.springboot.Application for test class com.hwang.book.springboot.domain.posts.PostRepositoryTest
2020-03-17 21:37:00.703  INFO 41147 --- [    Test worker] .b.t.c.SpringBootTestContextBootstrapper : Loaded default TestExecutionListener class names from location [META-INF/spring.factories]: [org.springframework.security.test.context.support.WithSecurityContextTestExecutionListener, org.springframework.security.test.context.support.ReactorContextTestExecutionListener, org.springframework.boot.test.autoconfigure.restdocs.RestDocsTestExecutionListener, org.springframework.boot.test.autoconfigure.web.client.MockRestServiceServerResetTestExecutionListener, org.springframework.boot.test.autoconfigure.web.servlet.MockMvcPrintOnlyOnFailureTestExecutionListener, org.springframework.boot.test.autoconfigure.web.servlet.WebDriverTestExecutionListener, org.springframework.boot.test.mock.mockito.MockitoTestExecutionListener, org.springframework.boot.test.mock.mockito.ResetMocksTestExecutionListener, org.springframework.test.context.web.ServletTestExecutionListener, org.springframework.test.context.support.DirtiesContextBeforeModesTestExecutionListener, org.springframework.test.context.support.DependencyInjectionTestExecutionListener, org.springframework.test.context.support.DirtiesContextTestExecutionListener, org.springframework.test.context.transaction.TransactionalTestExecutionListener, org.springframework.test.context.jdbc.SqlScriptsTestExecutionListener]
2020-03-17 21:37:00.705  INFO 41147 --- [    Test worker] .b.t.c.SpringBootTestContextBootstrapper : Using TestExecutionListeners: [org.springframework.test.context.web.ServletTestExecutionListener@19f4e7b6, org.springframework.test.context.support.DirtiesContextBeforeModesTestExecutionListener@590eb906, org.springframework.boot.test.mock.mockito.MockitoTestExecutionListener@1631a839, org.springframework.boot.test.autoconfigure.SpringBootDependencyInjectionTestExecutionListener@3b31f53d, org.springframework.test.context.support.DirtiesContextTestExecutionListener@5c66cba, org.springframework.test.context.transaction.TransactionalTestExecutionListener@29ac238d, org.springframework.test.context.jdbc.SqlScriptsTestExecutionListener@32c726e1, org.springframework.security.test.context.support.WithSecurityContextTestExecutionListener@6ebb599, org.springframework.security.test.context.support.ReactorContextTestExecutionListener@307eaa42, org.springframework.boot.test.autoconfigure.restdocs.RestDocsTestExecutionListener@7806578b, org.springframework.boot.test.autoconfigure.web.client.MockRestServiceServerResetTestExecutionListener@737d9644, org.springframework.boot.test.autoconfigure.web.servlet.MockMvcPrintOnlyOnFailureTestExecutionListener@2861a2cf, org.springframework.boot.test.autoconfigure.web.servlet.WebDriverTestExecutionListener@6d88313b, org.springframework.boot.test.mock.mockito.ResetMocksTestExecutionListener@27f8990e]

  .   ____          _            __ _ _
 /\\ / ___'_ __ _ _(_)_ __  __ _ \ \ \ \
( ( )\___ | '_ | '_| | '_ \/ _` | \ \ \ \
 \\/  ___)| |_)| | | | | || (_| |  ) ) ) )
  '  |____| .__|_| |_|_| |_\__, | / / / /
 =========|_|==============|___/=/_/_/_/
 :: Spring Boot ::        (v2.1.7.RELEASE)

2020-03-17 21:37:00.805  INFO 41147 --- [    Test worker] c.h.b.s.domain.posts.PostRepositoryTest  : Starting PostRepositoryTest on hwangseon-as-MacBook-Pro.local with PID 41147 (started by hwangseon-a in /Users/hwangseon-a/springboot-webservice)
2020-03-17 21:37:00.806  INFO 41147 --- [    Test worker] c.h.b.s.domain.posts.PostRepositoryTest  : The following profiles are active: real,oauth,real-db
2020-03-17 21:37:01.206  INFO 41147 --- [    Test worker] .s.d.r.c.RepositoryConfigurationDelegate : Bootstrapping Spring Data repositories in DEFAULT mode.
2020-03-17 21:37:01.233  INFO 41147 --- [    Test worker] .s.d.r.c.RepositoryConfigurationDelegate : Finished Spring Data repository scanning in 27ms. Found 2 repository interfaces.
2020-03-17 21:37:01.405  INFO 41147 --- [    Test worker] trationDelegate$BeanPostProcessorChecker : Bean 'org.springframework.transaction.annotation.ProxyTransactionManagementConfiguration' of type [org.springframework.transaction.annotation.ProxyTransactionManagementConfiguration$$EnhancerBySpringCGLIB$$f96303ce] is not eligible for getting processed by all BeanPostProcessors (for example: not eligible for auto-proxying)
2020-03-17 21:37:01.466  INFO 41147 --- [    Test worker] trationDelegate$BeanPostProcessorChecker : Bean 'org.springframework.security.config.annotation.configuration.ObjectPostProcessorConfiguration' of type [org.springframework.security.config.annotation.configuration.ObjectPostProcessorConfiguration$$EnhancerBySpringCGLIB$$9210cc08] is not eligible for getting processed by all BeanPostProcessors (for example: not eligible for auto-proxying)
2020-03-17 21:37:01.472  INFO 41147 --- [    Test worker] trationDelegate$BeanPostProcessorChecker : Bean 'objectPostProcessor' of type [org.springframework.security.config.annotation.configuration.AutowireBeanFactoryObjectPostProcessor] is not eligible for getting processed by all BeanPostProcessors (for example: not eligible for auto-proxying)
2020-03-17 21:37:01.472  INFO 41147 --- [    Test worker] trationDelegate$BeanPostProcessorChecker : Bean 'org.springframework.security.access.expression.method.DefaultMethodSecurityExpressionHandler@2cd46f15' of type [org.springframework.security.access.expression.method.DefaultMethodSecurityExpressionHandler] is not eligible for getting processed by all BeanPostProcessors (for example: not eligible for auto-proxying)
2020-03-17 21:37:01.493  INFO 41147 --- [    Test worker] trationDelegate$BeanPostProcessorChecker : Bean 'org.springframework.security.config.annotation.method.configuration.GlobalMethodSecurityConfiguration' of type [org.springframework.security.config.annotation.method.configuration.GlobalMethodSecurityConfiguration$$EnhancerBySpringCGLIB$$b6e56eba] is not eligible for getting processed by all BeanPostProcessors (for example: not eligible for auto-proxying)
2020-03-17 21:37:01.503  INFO 41147 --- [    Test worker] trationDelegate$BeanPostProcessorChecker : Bean 'methodSecurityMetadataSource' of type [org.springframework.security.access.method.DelegatingMethodSecurityMetadataSource] is not eligible for getting processed by all BeanPostProcessors (for example: not eligible for auto-proxying)
2020-03-17 21:37:01.655  INFO 41147 --- [    Test worker] com.zaxxer.hikari.HikariDataSource       : HikariPool-2 - Starting...
2020-03-17 21:37:01.656  INFO 41147 --- [    Test worker] com.zaxxer.hikari.HikariDataSource       : HikariPool-2 - Start completed.
2020-03-17 21:37:01.704  INFO 41147 --- [    Test worker] o.hibernate.jpa.internal.util.LogHelper  : HHH000204: Processing PersistenceUnitInfo [
	name: default
	...]
2020-03-17 21:37:01.723  INFO 41147 --- [    Test worker] org.hibernate.dialect.Dialect            : HHH000400: Using dialect: org.hibernate.dialect.MySQL5InnoDBDialect
Hibernate: drop table if exists posts
Hibernate: drop table if exists user
Hibernate: create table posts (id bigint not null auto_increment, created_date datetime, modified_date datetime, author varchar(255), content TEXT not null, movie_title varchar(255), title varchar(500) not null, primary key (id)) engine=InnoDB
Hibernate: create table user (id bigint not null auto_increment, created_date datetime, modified_date datetime, email varchar(255) not null, name varchar(255) not null, picture varchar(255), role varchar(255) not null, primary key (id)) engine=InnoDB
2020-03-17 21:37:01.808  INFO 41147 --- [    Test worker] o.h.t.schema.internal.SchemaCreatorImpl  : HHH000476: Executing import script 'org.hibernate.tool.schema.internal.exec.ScriptSourceInputNonExistentImpl@da522d4'
2020-03-17 21:37:01.808  INFO 41147 --- [    Test worker] j.LocalContainerEntityManagerFactoryBean : Initialized JPA EntityManagerFactory for persistence unit 'default'
2020-03-17 21:37:02.146  INFO 41147 --- [    Test worker] o.h.h.i.QueryTranslatorFactoryInitiator  : HHH000397: Using ASTQueryTranslatorFactory
2020-03-17 21:37:02.429  INFO 41147 --- [    Test worker] o.s.s.web.DefaultSecurityFilterChain     : Creating filter chain: any request, [org.springframework.security.web.context.request.async.WebAsyncManagerIntegrationFilter@6cae4dbd, org.springframework.security.web.context.SecurityContextPersistenceFilter@75314bad, org.springframework.security.web.header.HeaderWriterFilter@51d9a729, org.springframework.security.web.authentication.logout.LogoutFilter@10b82129, org.springframework.security.oauth2.client.web.OAuth2AuthorizationRequestRedirectFilter@4572ca65, org.springframework.security.oauth2.client.web.OAuth2LoginAuthenticationFilter@3fb9b991, org.springframework.security.web.authentication.ui.DefaultLoginPageGeneratingFilter@6fab7352, org.springframework.security.web.authentication.ui.DefaultLogoutPageGeneratingFilter@52130452, org.springframework.security.web.savedrequest.RequestCacheAwareFilter@17cf3533, org.springframework.security.web.servletapi.SecurityContextHolderAwareRequestFilter@bb3280c, org.springframework.security.web.authentication.AnonymousAuthenticationFilter@1e1dd97, org.springframework.security.web.session.SessionManagementFilter@2248d68e, org.springframework.security.web.access.ExceptionTranslationFilter@347adcc4, org.springframework.security.web.access.intercept.FilterSecurityInterceptor@14533105]
2020-03-17 21:37:02.877  INFO 41147 --- [    Test worker] o.s.s.concurrent.ThreadPoolTaskExecutor  : Initializing ExecutorService 'applicationTaskExecutor'
2020-03-17 21:37:02.906  WARN 41147 --- [    Test worker] aWebConfiguration$JpaWebMvcConfiguration : spring.jpa.open-in-view is enabled by default. Therefore, database queries may be performed during view rendering. Explicitly configure spring.jpa.open-in-view to disable this warning
2020-03-17 21:37:02.952  INFO 41147 --- [    Test worker] o.s.b.a.w.s.WelcomePageHandlerMapping    : Adding welcome page template: index
2020-03-17 21:37:03.501  INFO 41147 --- [    Test worker] s.a.ScheduledAnnotationBeanPostProcessor : No TaskScheduler/ScheduledExecutorService bean found for scheduled processing
2020-03-17 21:37:03.503  INFO 41147 --- [    Test worker] c.h.b.s.domain.posts.PostRepositoryTest  : Started PostRepositoryTest in 2.794 seconds (JVM running for 19.841)
Hibernate: insert into posts (created_date, modified_date, author, content, movie_title, title) values (?, ?, ?, ?, ?, ?)
Hibernate: select posts0_.id as id1_0_, posts0_.created_date as created_2_0_, posts0_.modified_date as modified3_0_, posts0_.author as author4_0_, posts0_.content as content5_0_, posts0_.movie_title as movie_ti6_0_, posts0_.title as title7_0_ from posts posts0_
Hibernate: select posts0_.id as id1_0_, posts0_.created_date as created_2_0_, posts0_.modified_date as modified3_0_, posts0_.author as author4_0_, posts0_.content as content5_0_, posts0_.movie_title as movie_ti6_0_, posts0_.title as title7_0_ from posts posts0_
Hibernate: delete from posts where id=?
Hibernate: insert into posts (created_date, modified_date, author, content, movie_title, title) values (?, ?, ?, ?, ?, ?)
Hibernate: select posts0_.id as id1_0_, posts0_.created_date as created_2_0_, posts0_.modified_date as modified3_0_, posts0_.author as author4_0_, posts0_.content as content5_0_, posts0_.movie_title as movie_ti6_0_, posts0_.title as title7_0_ from posts posts0_
>>>>>>>>>createDate=2020-03-17T21:37:03.550modifiedDate=2020-03-17T21:37:03.550
Hibernate: select posts0_.id as id1_0_, posts0_.created_date as created_2_0_, posts0_.modified_date as modified3_0_, posts0_.author as author4_0_, posts0_.content as content5_0_, posts0_.movie_title as movie_ti6_0_, posts0_.title as title7_0_ from posts posts0_
Hibernate: delete from posts where id=?
]]></system-out>
  <system-err><![CDATA[]]></system-err>
</testsuite>
