<?xml version="1.0" encoding="UTF-8"?>
<testsuite name="com.hwang.book.springboot.domain.posts.PostRepositoryTest" tests="2" skipped="0" failures="0" errors="0" timestamp="2020-02-26T13:47:07" hostname="hwangseon-as-MacBook-Pro.local" time="0.112">
  <properties/>
  <testcase name="게시글저장_불러오기" classname="com.hwang.book.springboot.domain.posts.PostRepositoryTest" time="0.057"/>
  <testcase name="BaseTimeEntity_등록" classname="com.hwang.book.springboot.domain.posts.PostRepositoryTest" time="0.054"/>
  <system-out><![CDATA[2020-02-26 22:47:04.833  INFO 19783 --- [    Test worker] .b.t.c.SpringBootTestContextBootstrapper : Neither @ContextConfiguration nor @ContextHierarchy found for test class [com.hwang.book.springboot.domain.posts.PostRepositoryTest], using SpringBootContextLoader
2020-02-26 22:47:04.867  INFO 19783 --- [    Test worker] o.s.t.c.support.AbstractContextLoader    : Could not detect default resource locations for test class [com.hwang.book.springboot.domain.posts.PostRepositoryTest]: no resource found for suffixes {-context.xml, Context.groovy}.
2020-02-26 22:47:04.867  INFO 19783 --- [    Test worker] t.c.s.AnnotationConfigContextLoaderUtils : Could not detect default configuration classes for test class [com.hwang.book.springboot.domain.posts.PostRepositoryTest]: PostRepositoryTest does not declare any static, non-private, non-final, nested classes annotated with @Configuration.
2020-02-26 22:47:04.888  INFO 19783 --- [    Test worker] .b.t.c.SpringBootTestContextBootstrapper : Found @SpringBootConfiguration com.hwang.book.springboot.Application for test class com.hwang.book.springboot.domain.posts.PostRepositoryTest
2020-02-26 22:47:04.890  INFO 19783 --- [    Test worker] .b.t.c.SpringBootTestContextBootstrapper : Loaded default TestExecutionListener class names from location [META-INF/spring.factories]: [org.springframework.security.test.context.support.WithSecurityContextTestExecutionListener, org.springframework.security.test.context.support.ReactorContextTestExecutionListener, org.springframework.boot.test.autoconfigure.restdocs.RestDocsTestExecutionListener, org.springframework.boot.test.autoconfigure.web.client.MockRestServiceServerResetTestExecutionListener, org.springframework.boot.test.autoconfigure.web.servlet.MockMvcPrintOnlyOnFailureTestExecutionListener, org.springframework.boot.test.autoconfigure.web.servlet.WebDriverTestExecutionListener, org.springframework.boot.test.mock.mockito.MockitoTestExecutionListener, org.springframework.boot.test.mock.mockito.ResetMocksTestExecutionListener, org.springframework.test.context.web.ServletTestExecutionListener, org.springframework.test.context.support.DirtiesContextBeforeModesTestExecutionListener, org.springframework.test.context.support.DependencyInjectionTestExecutionListener, org.springframework.test.context.support.DirtiesContextTestExecutionListener, org.springframework.test.context.transaction.TransactionalTestExecutionListener, org.springframework.test.context.jdbc.SqlScriptsTestExecutionListener]
2020-02-26 22:47:04.896  INFO 19783 --- [    Test worker] .b.t.c.SpringBootTestContextBootstrapper : Using TestExecutionListeners: [org.springframework.test.context.web.ServletTestExecutionListener@1f258fc3, org.springframework.test.context.support.DirtiesContextBeforeModesTestExecutionListener@68fd432d, org.springframework.boot.test.mock.mockito.MockitoTestExecutionListener@ddb7456, org.springframework.boot.test.autoconfigure.SpringBootDependencyInjectionTestExecutionListener@3e8f2acf, org.springframework.test.context.support.DirtiesContextTestExecutionListener@de7f14a, org.springframework.test.context.transaction.TransactionalTestExecutionListener@f812ff0, org.springframework.test.context.jdbc.SqlScriptsTestExecutionListener@592e9392, org.springframework.security.test.context.support.WithSecurityContextTestExecutionListener@1e30032a, org.springframework.security.test.context.support.ReactorContextTestExecutionListener@2cefcc07, org.springframework.boot.test.autoconfigure.restdocs.RestDocsTestExecutionListener@2a1788c5, org.springframework.boot.test.autoconfigure.web.client.MockRestServiceServerResetTestExecutionListener@7082c16, org.springframework.boot.test.autoconfigure.web.servlet.MockMvcPrintOnlyOnFailureTestExecutionListener@19bf568e, org.springframework.boot.test.autoconfigure.web.servlet.WebDriverTestExecutionListener@4be23e4a, org.springframework.boot.test.mock.mockito.ResetMocksTestExecutionListener@5da5c653]

  .   ____          _            __ _ _
 /\\ / ___'_ __ _ _(_)_ __  __ _ \ \ \ \
( ( )\___ | '_ | '_| | '_ \/ _` | \ \ \ \
 \\/  ___)| |_)| | | | | || (_| |  ) ) ) )
  '  |____| .__|_| |_|_| |_\__, | / / / /
 =========|_|==============|___/=/_/_/_/
 :: Spring Boot ::        (v2.1.7.RELEASE)

2020-02-26 22:47:04.934  INFO 19783 --- [    Test worker] c.h.b.s.domain.posts.PostRepositoryTest  : Starting PostRepositoryTest on hwangseon-as-MacBook-Pro.local with PID 19783 (started by hwangseon-a in /Users/hwangseon-a/springboot-webservice)
2020-02-26 22:47:04.945  INFO 19783 --- [    Test worker] c.h.b.s.domain.posts.PostRepositoryTest  : No active profile set, falling back to default profiles: default
2020-02-26 22:47:05.332  INFO 19783 --- [    Test worker] .s.d.r.c.RepositoryConfigurationDelegate : Bootstrapping Spring Data repositories in DEFAULT mode.
2020-02-26 22:47:05.368  INFO 19783 --- [    Test worker] .s.d.r.c.RepositoryConfigurationDelegate : Finished Spring Data repository scanning in 35ms. Found 2 repository interfaces.
2020-02-26 22:47:05.556  INFO 19783 --- [    Test worker] trationDelegate$BeanPostProcessorChecker : Bean 'org.springframework.transaction.annotation.ProxyTransactionManagementConfiguration' of type [org.springframework.transaction.annotation.ProxyTransactionManagementConfiguration$$EnhancerBySpringCGLIB$$2b8d3db] is not eligible for getting processed by all BeanPostProcessors (for example: not eligible for auto-proxying)
2020-02-26 22:47:05.702  INFO 19783 --- [    Test worker] com.zaxxer.hikari.HikariDataSource       : HikariPool-2 - Starting...
2020-02-26 22:47:05.704  INFO 19783 --- [    Test worker] com.zaxxer.hikari.HikariDataSource       : HikariPool-2 - Start completed.
2020-02-26 22:47:05.746  INFO 19783 --- [    Test worker] o.hibernate.jpa.internal.util.LogHelper  : HHH000204: Processing PersistenceUnitInfo [
	name: default
	...]
2020-02-26 22:47:05.757  INFO 19783 --- [    Test worker] org.hibernate.dialect.Dialect            : HHH000400: Using dialect: org.hibernate.dialect.MySQL5InnoDBDialect
Hibernate: drop table if exists posts
Hibernate: drop table if exists user
Hibernate: create table posts (id bigint not null auto_increment, created_date datetime, modified_date datetime, author varchar(255), content TEXT not null, title varchar(500) not null, primary key (id)) engine=InnoDB
Hibernate: create table user (id bigint not null auto_increment, created_date datetime, modified_date datetime, email varchar(255) not null, name varchar(255) not null, picture varchar(255), role varchar(255) not null, primary key (id)) engine=InnoDB
2020-02-26 22:47:05.855  INFO 19783 --- [    Test worker] o.h.t.schema.internal.SchemaCreatorImpl  : HHH000476: Executing import script 'org.hibernate.tool.schema.internal.exec.ScriptSourceInputNonExistentImpl@43d30b8e'
2020-02-26 22:47:05.856  INFO 19783 --- [    Test worker] j.LocalContainerEntityManagerFactoryBean : Initialized JPA EntityManagerFactory for persistence unit 'default'
2020-02-26 22:47:06.176  INFO 19783 --- [    Test worker] o.h.h.i.QueryTranslatorFactoryInitiator  : HHH000397: Using ASTQueryTranslatorFactory
2020-02-26 22:47:06.431  INFO 19783 --- [    Test worker] o.s.s.web.DefaultSecurityFilterChain     : Creating filter chain: any request, [org.springframework.security.web.context.request.async.WebAsyncManagerIntegrationFilter@ee9646e, org.springframework.security.web.context.SecurityContextPersistenceFilter@47afa81b, org.springframework.security.web.header.HeaderWriterFilter@131e1e9e, org.springframework.security.web.authentication.logout.LogoutFilter@14fa3ce6, org.springframework.security.oauth2.client.web.OAuth2AuthorizationRequestRedirectFilter@2ec3bd19, org.springframework.security.oauth2.client.web.OAuth2LoginAuthenticationFilter@6c1927bb, org.springframework.security.web.authentication.ui.DefaultLoginPageGeneratingFilter@2e2fa648, org.springframework.security.web.authentication.ui.DefaultLogoutPageGeneratingFilter@337847d6, org.springframework.security.web.savedrequest.RequestCacheAwareFilter@8ba638e, org.springframework.security.web.servletapi.SecurityContextHolderAwareRequestFilter@6b3366e9, org.springframework.security.web.authentication.AnonymousAuthenticationFilter@e01fd5, org.springframework.security.web.session.SessionManagementFilter@1d3b0c53, org.springframework.security.web.access.ExceptionTranslationFilter@65d551f9, org.springframework.security.web.access.intercept.FilterSecurityInterceptor@631bd6eb]
2020-02-26 22:47:06.864  INFO 19783 --- [    Test worker] o.s.s.concurrent.ThreadPoolTaskExecutor  : Initializing ExecutorService 'applicationTaskExecutor'
2020-02-26 22:47:06.882  WARN 19783 --- [    Test worker] aWebConfiguration$JpaWebMvcConfiguration : spring.jpa.open-in-view is enabled by default. Therefore, database queries may be performed during view rendering. Explicitly configure spring.jpa.open-in-view to disable this warning
2020-02-26 22:47:06.921  INFO 19783 --- [    Test worker] o.s.b.a.w.s.WelcomePageHandlerMapping    : Adding welcome page template: index
2020-02-26 22:47:07.506  INFO 19783 --- [    Test worker] s.a.ScheduledAnnotationBeanPostProcessor : No TaskScheduler/ScheduledExecutorService bean found for scheduled processing
2020-02-26 22:47:07.508  INFO 19783 --- [    Test worker] c.h.b.s.domain.posts.PostRepositoryTest  : Started PostRepositoryTest in 2.606 seconds (JVM running for 21.848)
Hibernate: insert into posts (created_date, modified_date, author, content, title) values (?, ?, ?, ?, ?)
Hibernate: select posts0_.id as id1_0_, posts0_.created_date as created_2_0_, posts0_.modified_date as modified3_0_, posts0_.author as author4_0_, posts0_.content as content5_0_, posts0_.title as title6_0_ from posts posts0_
Hibernate: select posts0_.id as id1_0_, posts0_.created_date as created_2_0_, posts0_.modified_date as modified3_0_, posts0_.author as author4_0_, posts0_.content as content5_0_, posts0_.title as title6_0_ from posts posts0_
Hibernate: delete from posts where id=?
Hibernate: insert into posts (created_date, modified_date, author, content, title) values (?, ?, ?, ?, ?)
Hibernate: select posts0_.id as id1_0_, posts0_.created_date as created_2_0_, posts0_.modified_date as modified3_0_, posts0_.author as author4_0_, posts0_.content as content5_0_, posts0_.title as title6_0_ from posts posts0_
>>>>>>>>>createDate=2020-02-26T22:47:07.577modifiedDate=2020-02-26T22:47:07.577
Hibernate: select posts0_.id as id1_0_, posts0_.created_date as created_2_0_, posts0_.modified_date as modified3_0_, posts0_.author as author4_0_, posts0_.content as content5_0_, posts0_.title as title6_0_ from posts posts0_
Hibernate: delete from posts where id=?
]]></system-out>
  <system-err><![CDATA[]]></system-err>
</testsuite>
