<?xml version="1.0" encoding="UTF-8"?>
<testsuite name="com.hwang.book.springboot.web.HelloControllerTest" tests="2" skipped="0" failures="0" errors="0" timestamp="2020-03-17T05:56:07" hostname="hwangseon-as-MacBook-Pro.local" time="1.207">
  <properties/>
  <testcase name="hello가_리턴된다" classname="com.hwang.book.springboot.web.HelloControllerTest" time="0.483"/>
  <testcase name="helloDto가_리턴된다" classname="com.hwang.book.springboot.web.HelloControllerTest" time="0.721"/>
  <system-out><![CDATA[2020-03-17 14:56:04.527  INFO 20562 --- [    Test worker] .b.t.a.w.s.WebMvcTestContextBootstrapper : Neither @ContextConfiguration nor @ContextHierarchy found for test class [com.hwang.book.springboot.web.HelloControllerTest], using SpringBootContextLoader
2020-03-17 14:56:04.529  INFO 20562 --- [    Test worker] o.s.t.c.support.AbstractContextLoader    : Could not detect default resource locations for test class [com.hwang.book.springboot.web.HelloControllerTest]: no resource found for suffixes {-context.xml, Context.groovy}.
2020-03-17 14:56:04.530  INFO 20562 --- [    Test worker] t.c.s.AnnotationConfigContextLoaderUtils : Could not detect default configuration classes for test class [com.hwang.book.springboot.web.HelloControllerTest]: HelloControllerTest does not declare any static, non-private, non-final, nested classes annotated with @Configuration.
2020-03-17 14:56:04.576  INFO 20562 --- [    Test worker] .b.t.c.SpringBootTestContextBootstrapper : Found @SpringBootConfiguration com.hwang.book.springboot.Application for test class com.hwang.book.springboot.web.HelloControllerTest
2020-03-17 14:56:04.580  INFO 20562 --- [    Test worker] .b.t.a.w.s.WebMvcTestContextBootstrapper : Loaded default TestExecutionListener class names from location [META-INF/spring.factories]: [org.springframework.security.test.context.support.WithSecurityContextTestExecutionListener, org.springframework.security.test.context.support.ReactorContextTestExecutionListener, org.springframework.boot.test.autoconfigure.restdocs.RestDocsTestExecutionListener, org.springframework.boot.test.autoconfigure.web.client.MockRestServiceServerResetTestExecutionListener, org.springframework.boot.test.autoconfigure.web.servlet.MockMvcPrintOnlyOnFailureTestExecutionListener, org.springframework.boot.test.autoconfigure.web.servlet.WebDriverTestExecutionListener, org.springframework.boot.test.mock.mockito.MockitoTestExecutionListener, org.springframework.boot.test.mock.mockito.ResetMocksTestExecutionListener, org.springframework.test.context.web.ServletTestExecutionListener, org.springframework.test.context.support.DirtiesContextBeforeModesTestExecutionListener, org.springframework.test.context.support.DependencyInjectionTestExecutionListener, org.springframework.test.context.support.DirtiesContextTestExecutionListener, org.springframework.test.context.transaction.TransactionalTestExecutionListener, org.springframework.test.context.jdbc.SqlScriptsTestExecutionListener]
2020-03-17 14:56:04.587  INFO 20562 --- [    Test worker] .b.t.a.w.s.WebMvcTestContextBootstrapper : Using TestExecutionListeners: [org.springframework.test.context.web.ServletTestExecutionListener@66ad143f, org.springframework.test.context.support.DirtiesContextBeforeModesTestExecutionListener@72a0f87b, org.springframework.boot.test.mock.mockito.MockitoTestExecutionListener@5402e136, org.springframework.boot.test.autoconfigure.SpringBootDependencyInjectionTestExecutionListener@79e660ec, org.springframework.test.context.support.DirtiesContextTestExecutionListener@77e48f03, org.springframework.test.context.transaction.TransactionalTestExecutionListener@272c2a4, org.springframework.test.context.jdbc.SqlScriptsTestExecutionListener@413a888d, org.springframework.security.test.context.support.WithSecurityContextTestExecutionListener@b917146, org.springframework.security.test.context.support.ReactorContextTestExecutionListener@585e6ba0, org.springframework.boot.test.autoconfigure.restdocs.RestDocsTestExecutionListener@4c2df5ed, org.springframework.boot.test.autoconfigure.web.client.MockRestServiceServerResetTestExecutionListener@59467205, org.springframework.boot.test.autoconfigure.web.servlet.MockMvcPrintOnlyOnFailureTestExecutionListener@595d332a, org.springframework.boot.test.autoconfigure.web.servlet.WebDriverTestExecutionListener@727540ca, org.springframework.boot.test.mock.mockito.ResetMocksTestExecutionListener@515441f4]

  .   ____          _            __ _ _
 /\\ / ___'_ __ _ _(_)_ __  __ _ \ \ \ \
( ( )\___ | '_ | '_| | '_ \/ _` | \ \ \ \
 \\/  ___)| |_)| | | | | || (_| |  ) ) ) )
  '  |____| .__|_| |_|_| |_\__, | / / / /
 =========|_|==============|___/=/_/_/_/
 :: Spring Boot ::        (v2.1.7.RELEASE)

2020-03-17 14:56:04.707  INFO 20562 --- [    Test worker] c.h.b.s.web.HelloControllerTest          : Starting HelloControllerTest on hwangseon-as-MacBook-Pro.local with PID 20562 (started by hwangseon-a in /Users/hwangseon-a/springboot-webservice)
2020-03-17 14:56:04.708  INFO 20562 --- [    Test worker] c.h.b.s.web.HelloControllerTest          : No active profile set, falling back to default profiles: default
2020-03-17 14:56:05.710  INFO 20562 --- [    Test worker] o.s.s.concurrent.ThreadPoolTaskExecutor  : Initializing ExecutorService 'applicationTaskExecutor'
2020-03-17 14:56:05.898  INFO 20562 --- [    Test worker] o.s.b.a.w.s.WelcomePageHandlerMapping    : Adding welcome page template: index
2020-03-17 14:56:06.661  INFO 20562 --- [    Test worker] .s.s.UserDetailsServiceAutoConfiguration : 

Using generated security password: 137f05d0-b774-45a4-97a9-f038fbdde749

2020-03-17 14:56:07.538  INFO 20562 --- [    Test worker] o.s.s.web.DefaultSecurityFilterChain     : Creating filter chain: any request, [org.springframework.security.web.context.request.async.WebAsyncManagerIntegrationFilter@6ae60c2c, org.springframework.security.web.context.SecurityContextPersistenceFilter@22481520, org.springframework.security.web.header.HeaderWriterFilter@1d875774, org.springframework.security.web.csrf.CsrfFilter@4263ee74, org.springframework.security.web.authentication.logout.LogoutFilter@4de3e63f, org.springframework.security.web.authentication.UsernamePasswordAuthenticationFilter@33cba54b, org.springframework.security.web.authentication.ui.DefaultLoginPageGeneratingFilter@d02270b, org.springframework.security.web.authentication.ui.DefaultLogoutPageGeneratingFilter@3bb06b63, org.springframework.security.web.authentication.www.BasicAuthenticationFilter@2968f738, org.springframework.security.web.savedrequest.RequestCacheAwareFilter@363d1cba, org.springframework.security.web.servletapi.SecurityContextHolderAwareRequestFilter@3a888ea5, org.springframework.security.web.authentication.AnonymousAuthenticationFilter@56938c00, org.springframework.security.web.session.SessionManagementFilter@60603956, org.springframework.security.web.access.ExceptionTranslationFilter@78fb28f5, org.springframework.security.web.access.intercept.FilterSecurityInterceptor@178fc769]
2020-03-17 14:56:07.626  INFO 20562 --- [    Test worker] o.s.b.t.m.w.SpringBootMockServletContext : Initializing Spring TestDispatcherServlet ''
2020-03-17 14:56:07.626  INFO 20562 --- [    Test worker] o.s.t.web.servlet.TestDispatcherServlet  : Initializing Servlet ''
2020-03-17 14:56:07.648  INFO 20562 --- [    Test worker] o.s.t.web.servlet.TestDispatcherServlet  : Completed initialization in 21 ms
2020-03-17 14:56:07.703  INFO 20562 --- [    Test worker] c.h.b.s.web.HelloControllerTest          : Started HelloControllerTest in 3.105 seconds (JVM running for 28.173)
]]></system-out>
  <system-err><![CDATA[]]></system-err>
</testsuite>
